<?xml version="1.0" encoding="UTF-8"?>
<!-- Generated by org.testng.reporters.JUnitReportReporter -->
<testsuite skipped="0" hostname="Desktop-7" name="regression.NewTest" tests="1" failures="0" timestamp="27 May 2019 07:08:45 GMT" time="11.625" errors="0">
  <testcase name="f" time="11.625" classname="regression.NewTest"/>
</testsuite> <!-- regression.NewTest -->
